TN:
SF:src/app.ts
FN:33,(anonymous_1)
FN:77,(anonymous_2)
FN:83,(anonymous_3)
FNF:3
FNH:0
FNDA:0,(anonymous_1)
FNDA:0,(anonymous_2)
FNDA:0,(anonymous_3)
DA:1,0
DA:7,0
DA:8,0
DA:9,0
DA:10,0
DA:11,0
DA:12,0
DA:13,0
DA:14,0
DA:15,0
DA:16,0
DA:17,0
DA:19,0
DA:21,0
DA:26,0
DA:27,0
DA:30,0
DA:32,0
DA:37,0
DA:38,0
DA:40,0
DA:41,0
DA:51,0
DA:52,0
DA:53,0
DA:62,0
DA:66,0
DA:68,0
DA:71,0
DA:72,0
DA:75,0
DA:77,0
DA:78,0
DA:79,0
DA:83,0
DA:84,0
DA:97,0
DA:98,0
DA:100,0
LF:39
LH:0
BRDA:37,0,0,0
BRDA:37,0,1,0
BRDA:37,1,0,0
BRDA:37,1,1,0
BRDA:51,2,0,0
BRDA:51,2,1,0
BRF:6
BRH:0
end_of_record
TN:
SF:src/server.ts
FN:6,startServer
FN:11,(anonymous_10)
FN:22,(anonymous_11)
FN:26,(anonymous_12)
FNF:4
FNH:0
FNDA:0,startServer
FNDA:0,(anonymous_10)
FNDA:0,(anonymous_11)
FNDA:0,(anonymous_12)
DA:1,0
DA:2,0
DA:3,0
DA:4,0
DA:7,0
DA:8,0
DA:9,0
DA:11,0
DA:12,0
DA:17,0
DA:18,0
DA:22,0
DA:23,0
DA:26,0
DA:27,0
DA:28,0
DA:31,0
LF:17
LH:0
BRF:0
BRH:0
end_of_record
TN:
SF:src/api/v1/routes.ts
FNF:0
FNH:0
DA:1,0
DA:2,0
DA:3,0
DA:4,0
DA:5,0
DA:6,0
DA:7,0
DA:8,0
DA:9,0
DA:14,0
DA:19,0
DA:24,0
DA:29,0
DA:34,0
DA:39,0
DA:44,0
DA:49,0
DA:54,0
DA:56,0
LF:19
LH:0
BRF:0
BRH:0
end_of_record
TN:
SF:src/api/v1/auth/auth.controller.ts
FN:15,(anonymous_8)
FN:35,(anonymous_9)
FN:35,(anonymous_10)
FN:57,(anonymous_11)
FN:57,(anonymous_12)
FN:79,(anonymous_13)
FN:79,(anonymous_14)
FNF:7
FNH:0
FNDA:0,(anonymous_8)
FNDA:0,(anonymous_9)
FNDA:0,(anonymous_10)
FNDA:0,(anonymous_11)
FNDA:0,(anonymous_12)
FNDA:0,(anonymous_13)
FNDA:0,(anonymous_14)
DA:2,0
DA:3,0
DA:4,0
DA:6,0
DA:9,0
DA:16,0
DA:17,0
DA:35,0
DA:36,0
DA:38,0
DA:39,0
DA:57,0
DA:58,0
DA:60,0
DA:62,0
DA:64,0
DA:79,0
DA:80,0
DA:82,0
DA:84,0
DA:91,0
LF:21
LH:0
BRF:0
BRH:0
end_of_record
TN:
SF:src/api/v1/auth/auth.route.ts
FNF:0
FNH:0
DA:1,0
DA:2,0
DA:3,0
DA:4,0
DA:5,0
DA:7,0
DA:12,0
DA:17,0
DA:22,0
DA:24,0
LF:10
LH:0
BRF:0
BRH:0
end_of_record
TN:
SF:src/api/v1/auth/auth.service.ts
FN:18,(anonymous_9)
FN:25,(anonymous_10)
FNF:2
FNH:0
FNDA:0,(anonymous_9)
FNDA:0,(anonymous_10)
DA:5,0
DA:6,0
DA:7,0
DA:8,0
DA:18,0
DA:26,0
DA:28,0
DA:29,0
DA:36,0
DA:37,0
DA:41,0
LF:11
LH:0
BRDA:28,0,0,0
BRDA:28,0,1,0
BRF:2
BRH:0
end_of_record
TN:
SF:src/api/v1/auth/auth.validator.ts
FNF:0
FNH:0
DA:1,0
DA:18,0
DA:51,0
LF:3
LH:0
BRF:0
BRH:0
end_of_record
TN:
SF:src/api/v1/auth/tokens/token.repository.ts
FN:22,(anonymous_8)
FN:23,(anonymous_9)
FN:40,(anonymous_10)
FNF:3
FNH:0
FNDA:0,(anonymous_8)
FNDA:0,(anonymous_9)
FNDA:0,(anonymous_10)
DA:1,0
DA:2,0
DA:4,0
DA:23,0
DA:29,0
DA:41,0
DA:47,0
DA:51,0
LF:8
LH:0
BRDA:26,0,0,0
BRDA:27,1,0,0
BRF:2
BRH:0
end_of_record
TN:
SF:src/api/v1/auth/tokens/token.service.ts
FN:19,(anonymous_8)
FN:33,(anonymous_9)
FN:61,(anonymous_10)
FN:62,(anonymous_11)
FN:95,(anonymous_12)
FN:146,(anonymous_14)
FNF:6
FNH:0
FNDA:0,(anonymous_8)
FNDA:0,(anonymous_9)
FNDA:0,(anonymous_10)
FNDA:0,(anonymous_11)
FNDA:0,(anonymous_12)
FNDA:0,(anonymous_14)
DA:1,0
DA:2,0
DA:8,0
DA:9,0
DA:10,0
DA:19,0
DA:40,0
DA:47,0
DA:62,0
DA:68,0
DA:75,0
DA:96,0
DA:100,0
DA:106,0
DA:111,0
DA:117,0
DA:123,0
DA:147,0
DA:151,0
LF:19
LH:0
BRDA:37,0,0,0
BRDA:66,1,0,0
BRF:2
BRH:0
end_of_record
TN:
SF:src/api/v1/auth/tokens/token.validation.ts
FNF:0
FNH:0
DA:1,0
DA:2,0
DA:10,0
DA:21,0
DA:32,0
DA:42,0
LF:6
LH:0
BRF:0
BRH:0
end_of_record
TN:
SF:src/api/v1/menus/menus.route.ts
FNF:0
FNH:0
DA:1,0
DA:2,0
DA:3,0
DA:5,0
DA:7,0
DA:8,0
DA:10,0
LF:7
LH:0
BRF:0
BRH:0
end_of_record
TN:
SF:src/api/v1/menus/categories/category.controller.ts
FN:55,(anonymous_8)
FN:90,(anonymous_9)
FN:90,(anonymous_10)
FN:145,(anonymous_11)
FN:145,(anonymous_12)
FN:205,(anonymous_13)
FN:205,(anonymous_14)
FN:257,(anonymous_15)
FN:257,(anonymous_16)
FN:313,(anonymous_17)
FN:313,(anonymous_18)
FN:365,(anonymous_19)
FN:365,(anonymous_20)
FN:417,(anonymous_21)
FN:417,(anonymous_22)
FNF:15
FNH:0
FNDA:0,(anonymous_8)
FNDA:0,(anonymous_9)
FNDA:0,(anonymous_10)
FNDA:0,(anonymous_11)
FNDA:0,(anonymous_12)
FNDA:0,(anonymous_13)
FNDA:0,(anonymous_14)
FNDA:0,(anonymous_15)
FNDA:0,(anonymous_16)
FNDA:0,(anonymous_17)
FNDA:0,(anonymous_18)
FNDA:0,(anonymous_19)
FNDA:0,(anonymous_20)
FNDA:0,(anonymous_21)
FNDA:0,(anonymous_22)
DA:2,0
DA:10,0
DA:11,0
DA:12,0
DA:55,0
DA:90,0
DA:92,0
DA:93,0
DA:96,0
DA:99,0
DA:102,0
DA:145,0
DA:147,0
DA:148,0
DA:149,0
DA:151,0
DA:158,0
DA:166,0
DA:169,0
DA:205,0
DA:207,0
DA:210,0
DA:213,0
DA:257,0
DA:259,0
DA:262,0
DA:265,0
DA:313,0
DA:315,0
DA:318,0
DA:321,0
DA:324,0
DA:365,0
DA:367,0
DA:370,0
DA:373,0
DA:417,0
DA:419,0
DA:421,0
DA:423,0
DA:434,0
LF:41
LH:0
BRDA:92,0,0,0
BRDA:92,0,1,0
BRDA:93,1,0,0
BRDA:93,1,1,0
BRDA:147,2,0,0
BRDA:147,2,1,0
BRDA:148,3,0,0
BRDA:148,3,1,0
BRDA:151,4,0,0
BRDA:151,4,1,0
BRDA:153,5,0,0
BRDA:153,5,1,0
BRF:12
BRH:0
end_of_record
TN:
SF:src/api/v1/menus/categories/category.repository.ts
FN:30,(anonymous_8)
FN:56,(anonymous_10)
FN:64,(anonymous_12)
FN:80,(anonymous_14)
FN:88,(anonymous_16)
FN:100,(anonymous_18)
FN:113,(anonymous_20)
FN:131,(anonymous_22)
FNF:8
FNH:0
FNDA:0,(anonymous_8)
FNDA:0,(anonymous_10)
FNDA:0,(anonymous_12)
FNDA:0,(anonymous_14)
FNDA:0,(anonymous_16)
FNDA:0,(anonymous_18)
FNDA:0,(anonymous_20)
FNDA:0,(anonymous_22)
DA:8,0
DA:13,0
DA:33,0
DA:35,0
DA:37,0
DA:49,0
DA:57,0
DA:65,0
DA:81,0
DA:93,0
DA:101,0
DA:114,0
DA:124,0
DA:134,0
DA:135,0
DA:137,0
DA:141,0
DA:142,0
DA:148,0
DA:149,0
DA:152,0
DA:164,0
DA:168,0
LF:23
LH:0
BRDA:141,0,0,0
BRDA:141,0,1,0
BRDA:148,1,0,0
BRDA:148,1,1,0
BRF:4
BRH:0
end_of_record
TN:
SF:src/api/v1/menus/categories/category.route.ts
FNF:0
FNH:0
DA:1,0
DA:2,0
DA:3,0
DA:4,0
DA:5,0
DA:12,0
DA:14,0
DA:20,0
DA:36,0
DA:47,0
DA:57,0
DA:64,0
DA:75,0
DA:85,0
DA:92,0
LF:15
LH:0
BRF:0
BRH:0
end_of_record
TN:
SF:src/api/v1/menus/categories/category.service.ts
FN:24,(anonymous_8)
FN:33,(anonymous_9)
FN:52,(anonymous_11)
FN:71,(anonymous_13)
FN:82,(anonymous_15)
FN:91,(anonymous_17)
FN:106,(anonymous_19)
FN:126,(anonymous_21)
FN:147,(anonymous_23)
FN:165,(anonymous_25)
FNF:10
FNH:0
FNDA:0,(anonymous_8)
FNDA:0,(anonymous_9)
FNDA:0,(anonymous_11)
FNDA:0,(anonymous_13)
FNDA:0,(anonymous_15)
FNDA:0,(anonymous_17)
FNDA:0,(anonymous_19)
FNDA:0,(anonymous_21)
FNDA:0,(anonymous_23)
FNDA:0,(anonymous_25)
DA:10,0
DA:15,0
DA:16,0
DA:24,0
DA:35,0
DA:38,0
DA:39,0
DA:45,0
DA:56,0
DA:58,0
DA:59,0
DA:75,0
DA:84,0
DA:93,0
DA:96,0
DA:111,0
DA:114,0
DA:115,0
DA:119,0
DA:128,0
DA:131,0
DA:132,0
DA:140,0
DA:149,0
DA:150,0
DA:158,0
DA:169,0
DA:173,0
LF:28
LH:0
BRDA:38,0,0,0
BRDA:38,0,1,0
BRDA:58,1,0,0
BRDA:58,1,1,0
BRDA:58,2,0,0
BRDA:58,2,1,0
BRDA:114,3,0,0
BRDA:114,3,1,0
BRDA:131,4,0,0
BRDA:131,4,1,0
BRDA:149,5,0,0
BRDA:149,5,1,0
BRDA:149,6,0,0
BRDA:149,6,1,0
BRF:14
BRH:0
end_of_record
TN:
SF:src/api/v1/menus/categories/category.validator.ts
FN:26,(anonymous_0)
FN:82,(anonymous_1)
FN:101,(anonymous_2)
FNF:3
FNH:0
FNDA:0,(anonymous_0)
FNDA:0,(anonymous_1)
FNDA:0,(anonymous_2)
DA:1,0
DA:2,0
DA:8,0
DA:16,0
DA:26,0
DA:52,0
DA:82,0
DA:91,0
DA:101,0
DA:110,0
LF:10
LH:0
BRF:0
BRH:0
end_of_record
TN:
SF:src/api/v1/menus/items/item.controller.ts
FN:42,(anonymous_8)
FN:67,(anonymous_9)
FN:67,(anonymous_10)
FN:115,(anonymous_11)
FN:115,(anonymous_12)
FN:176,(anonymous_13)
FN:176,(anonymous_14)
FN:236,(anonymous_15)
FN:236,(anonymous_16)
FN:311,(anonymous_17)
FN:311,(anonymous_18)
FN:385,(anonymous_19)
FN:385,(anonymous_20)
FN:464,(anonymous_21)
FN:464,(anonymous_22)
FN:528,(anonymous_23)
FN:528,(anonymous_24)
FN:598,(anonymous_25)
FN:598,(anonymous_26)
FN:679,(anonymous_27)
FN:679,(anonymous_28)
FN:777,(anonymous_29)
FN:777,(anonymous_30)
FNF:23
FNH:0
FNDA:0,(anonymous_8)
FNDA:0,(anonymous_9)
FNDA:0,(anonymous_10)
FNDA:0,(anonymous_11)
FNDA:0,(anonymous_12)
FNDA:0,(anonymous_13)
FNDA:0,(anonymous_14)
FNDA:0,(anonymous_15)
FNDA:0,(anonymous_16)
FNDA:0,(anonymous_17)
FNDA:0,(anonymous_18)
FNDA:0,(anonymous_19)
FNDA:0,(anonymous_20)
FNDA:0,(anonymous_21)
FNDA:0,(anonymous_22)
FNDA:0,(anonymous_23)
FNDA:0,(anonymous_24)
FNDA:0,(anonymous_25)
FNDA:0,(anonymous_26)
FNDA:0,(anonymous_27)
FNDA:0,(anonymous_28)
FNDA:0,(anonymous_29)
FNDA:0,(anonymous_30)
DA:2,0
DA:11,0
DA:12,0
DA:13,0
DA:42,0
DA:67,0
DA:68,0
DA:69,0
DA:71,0
DA:72,0
DA:74,0
DA:115,0
DA:117,0
DA:118,0
DA:119,0
DA:121,0
DA:128,0
DA:136,0
DA:139,0
DA:176,0
DA:178,0
DA:181,0
DA:184,0
DA:236,0
DA:238,0
DA:241,0
DA:244,0
DA:311,0
DA:312,0
DA:314,0
DA:316,0
DA:385,0
DA:386,0
DA:387,0
DA:388,0
DA:390,0
DA:392,0
DA:464,0
DA:465,0
DA:466,0
DA:467,0
DA:469,0
DA:470,0
DA:528,0
DA:529,0
DA:531,0
DA:598,0
DA:599,0
DA:601,0
DA:679,0
DA:680,0
DA:681,0
DA:682,0
DA:684,0
DA:686,0
DA:688,0
DA:777,0
DA:778,0
DA:779,0
DA:781,0
DA:783,0
DA:791,0
LF:62
LH:0
BRDA:68,0,0,0
BRDA:68,0,1,0
BRDA:69,1,0,0
BRDA:69,1,1,0
BRDA:117,2,0,0
BRDA:117,2,1,0
BRDA:118,3,0,0
BRDA:118,3,1,0
BRDA:121,4,0,0
BRDA:121,4,1,0
BRDA:123,5,0,0
BRDA:123,5,1,0
BRDA:388,6,0,0
BRDA:388,6,1,0
BRDA:388,7,0,0
BRDA:388,7,1,0
BRDA:467,8,0,0
BRDA:467,8,1,0
BRDA:467,9,0,0
BRDA:467,9,1,0
BRDA:681,10,0,0
BRDA:681,10,1,0
BRDA:682,11,0,0
BRDA:682,11,1,0
BRF:24
BRH:0
end_of_record
TN:
SF:src/api/v1/menus/items/item.repository.ts
FN:30,(anonymous_8)
FN:54,(anonymous_10)
FN:63,(anonymous_12)
FN:67,(anonymous_14)
FN:133,(anonymous_16)
FN:195,(anonymous_18)
FN:197,(anonymous_20)
FN:212,(anonymous_21)
FN:232,(anonymous_22)
FN:253,(anonymous_24)
FN:275,(anonymous_26)
FN:327,(anonymous_28)
FNF:12
FNH:0
FNDA:0,(anonymous_8)
FNDA:0,(anonymous_10)
FNDA:0,(anonymous_12)
FNDA:0,(anonymous_14)
FNDA:0,(anonymous_16)
FNDA:0,(anonymous_18)
FNDA:0,(anonymous_20)
FNDA:0,(anonymous_21)
FNDA:0,(anonymous_22)
FNDA:0,(anonymous_24)
FNDA:0,(anonymous_26)
FNDA:0,(anonymous_28)
DA:8,0
DA:13,0
DA:14,0
DA:33,0
DA:34,0
DA:36,0
DA:47,0
DA:55,0
DA:64,0
DA:70,0
DA:71,0
DA:74,0
DA:79,0
DA:80,0
DA:87,0
DA:88,0
DA:92,0
DA:104,0
DA:141,0
DA:143,0
DA:144,0
DA:146,0
DA:147,0
DA:150,0
DA:175,0
DA:196,0
DA:198,0
DA:211,0
DA:212,0
DA:233,0
DA:254,0
DA:280,0
DA:282,0
DA:294,0
DA:332,0
DA:349,0
LF:36
LH:0
BRDA:79,0,0,0
BRDA:79,0,1,0
BRDA:87,1,0,0
BRDA:87,1,1,0
BRDA:143,2,0,0
BRDA:143,2,1,0
BRDA:146,3,0,0
BRDA:146,3,1,0
BRDA:146,4,0,0
BRDA:146,4,1,0
BRDA:157,5,0,0
BRDA:157,5,1,0
BRDA:157,6,0,0
BRDA:157,6,1,0
BRDA:340,7,0,0
BRDA:340,7,1,0
BRF:16
BRH:0
end_of_record
TN:
SF:src/api/v1/menus/items/item.route.ts
FNF:0
FNH:0
DA:1,0
DA:2,0
DA:3,0
DA:4,0
DA:14,0
DA:15,0
DA:17,0
DA:25,0
DA:31,0
DA:44,0
DA:51,0
DA:61,0
DA:67,0
DA:73,0
DA:80,0
DA:92,0
DA:103,0
DA:113,0
DA:119,0
LF:19
LH:0
BRF:0
BRH:0
end_of_record
TN:
SF:src/api/v1/menus/items/item.service.ts
FN:49,(anonymous_8)
FN:58,(anonymous_9)
FN:89,(anonymous_11)
FN:99,(anonymous_13)
FN:128,(anonymous_15)
FN:132,(anonymous_17)
FN:198,(anonymous_19)
FN:200,(anonymous_21)
FN:202,(anonymous_22)
FN:205,(anonymous_23)
FN:216,(anonymous_24)
FN:281,(anonymous_25)
FN:365,(anonymous_27)
FN:461,(anonymous_29)
FN:557,(anonymous_31)
FN:599,(anonymous_33)
FN:625,(anonymous_35)
FN:658,(anonymous_37)
FN:694,(anonymous_39)
FNF:19
FNH:0
FNDA:0,(anonymous_8)
FNDA:0,(anonymous_9)
FNDA:0,(anonymous_11)
FNDA:0,(anonymous_13)
FNDA:0,(anonymous_15)
FNDA:0,(anonymous_17)
FNDA:0,(anonymous_19)
FNDA:0,(anonymous_21)
FNDA:0,(anonymous_22)
FNDA:0,(anonymous_23)
FNDA:0,(anonymous_24)
FNDA:0,(anonymous_25)
FNDA:0,(anonymous_27)
FNDA:0,(anonymous_29)
FNDA:0,(anonymous_31)
FNDA:0,(anonymous_33)
FNDA:0,(anonymous_35)
FNDA:0,(anonymous_37)
FNDA:0,(anonymous_39)
DA:12,0
DA:17,0
DA:18,0
DA:19,0
DA:49,0
DA:60,0
DA:63,0
DA:64,0
DA:69,0
DA:92,0
DA:100,0
DA:129,0
DA:136,0
DA:200,0
DA:201,0
DA:202,0
DA:205,0
DA:206,0
DA:207,0
DA:215,0
DA:216,0
DA:219,0
DA:220,0
DA:227,0
DA:286,0
DA:288,0
DA:289,0
DA:295,0
DA:370,0
DA:372,0
DA:373,0
DA:380,0
DA:381,0
DA:388,0
DA:466,0
DA:469,0
DA:472,0
DA:473,0
DA:481,0
DA:562,0
DA:565,0
DA:568,0
DA:600,0
DA:626,0
DA:662,0
DA:663,0
DA:698,0
DA:699,0
DA:707,0
LF:49
LH:0
BRDA:63,0,0,0
BRDA:63,0,1,0
BRDA:206,1,0,0
BRDA:206,1,1,0
BRDA:216,2,0,0
BRDA:216,2,1,0
BRDA:219,3,0,0
BRDA:219,3,1,0
BRDA:288,4,0,0
BRDA:288,4,1,0
BRDA:372,5,0,0
BRDA:372,5,1,0
BRDA:372,6,0,0
BRDA:372,6,1,0
BRDA:372,7,0,0
BRDA:372,7,1,0
BRDA:380,8,0,0
BRDA:380,8,1,0
BRDA:380,9,0,0
BRDA:380,9,1,0
BRDA:380,10,0,0
BRDA:380,10,1,0
BRDA:392,11,0,0
BRDA:392,11,1,0
BRDA:392,12,0,0
BRDA:392,12,1,0
BRDA:469,13,0,0
BRDA:469,13,1,0
BRDA:469,14,0,0
BRDA:469,14,1,0
BRDA:472,15,0,0
BRDA:472,15,1,0
BRDA:472,16,0,0
BRDA:472,16,1,0
BRDA:472,17,0,0
BRDA:472,17,1,0
BRDA:565,18,0,0
BRDA:565,18,1,0
BRDA:565,19,0,0
BRDA:565,19,1,0
BRF:40
BRH:0
end_of_record
TN:
SF:src/api/v1/menus/items/item.validator.ts
FN:58,(anonymous_0)
FNF:1
FNH:0
FNDA:0,(anonymous_0)
DA:1,0
DA:2,0
DA:3,0
DA:8,0
DA:18,0
DA:29,0
DA:48,0
DA:58,0
DA:70,0
DA:91,0
DA:106,0
DA:124,0
DA:139,0
LF:13
LH:0
BRF:0
BRH:0
end_of_record
TN:
SF:src/api/v1/orders/order.controller.ts
FN:46,(anonymous_8)
FN:73,(anonymous_9)
FN:73,(anonymous_10)
FN:121,(anonymous_11)
FN:121,(anonymous_12)
FN:177,(anonymous_13)
FN:177,(anonymous_14)
FN:239,(anonymous_15)
FN:239,(anonymous_16)
FN:291,(anonymous_17)
FN:291,(anonymous_18)
FNF:11
FNH:0
FNDA:0,(anonymous_8)
FNDA:0,(anonymous_9)
FNDA:0,(anonymous_10)
FNDA:0,(anonymous_11)
FNDA:0,(anonymous_12)
FNDA:0,(anonymous_13)
FNDA:0,(anonymous_14)
FNDA:0,(anonymous_15)
FNDA:0,(anonymous_16)
FNDA:0,(anonymous_17)
FNDA:0,(anonymous_18)
DA:2,0
DA:3,0
DA:5,0
DA:6,0
DA:46,0
DA:73,0
DA:74,0
DA:75,0
DA:77,0
DA:85,0
DA:91,0
DA:92,0
DA:121,0
DA:122,0
DA:124,0
DA:126,0
DA:177,0
DA:178,0
DA:179,0
DA:181,0
DA:183,0
DA:239,0
DA:240,0
DA:241,0
DA:243,0
DA:245,0
DA:291,0
DA:292,0
DA:294,0
DA:295,0
DA:303,0
LF:31
LH:0
BRDA:74,0,0,0
BRDA:74,0,1,0
BRDA:75,1,0,0
BRDA:75,1,1,0
BRDA:81,2,0,0
BRDA:81,2,1,0
BRDA:82,3,0,0
BRDA:82,3,1,0
BRF:8
BRH:0
end_of_record
TN:
SF:src/api/v1/orders/order.repository.ts
FN:32,(anonymous_9)
FN:87,(anonymous_11)
FN:121,(anonymous_13)
FN:136,(anonymous_15)
FN:169,(anonymous_16)
FN:185,(anonymous_18)
FN:199,(anonymous_20)
FNF:7
FNH:0
FNDA:0,(anonymous_9)
FNDA:0,(anonymous_11)
FNDA:0,(anonymous_13)
FNDA:0,(anonymous_15)
FNDA:0,(anonymous_16)
FNDA:0,(anonymous_18)
FNDA:0,(anonymous_20)
DA:8,0
DA:13,0
DA:14,0
DA:35,0
DA:36,0
DA:39,0
DA:41,0
DA:42,0
DA:43,0
DA:44,0
DA:45,0
DA:47,0
DA:48,0
DA:49,0
DA:50,0
DA:52,0
DA:59,0
DA:75,0
DA:88,0
DA:126,0
DA:129,0
DA:136,0
DA:152,0
DA:170,0
DA:186,0
DA:200,0
DA:207,0
LF:27
LH:0
BRDA:41,0,0,0
BRDA:41,0,1,0
BRDA:42,1,0,0
BRDA:42,1,1,0
BRDA:43,2,0,0
BRDA:43,2,1,0
BRDA:44,3,0,0
BRDA:44,3,1,0
BRDA:45,4,0,0
BRDA:45,4,1,0
BRDA:136,5,0,0
BRDA:136,5,1,0
BRDA:136,6,0,0
BRDA:136,6,1,0
BRF:14
BRH:0
end_of_record
TN:
SF:src/api/v1/orders/order.route.ts
FNF:0
FNH:0
DA:1,0
DA:2,0
DA:8,0
DA:9,0
DA:10,0
DA:12,0
DA:14,0
DA:20,0
DA:26,0
DA:32,0
DA:38,0
DA:48,0
DA:50,0
LF:13
LH:0
BRF:0
BRH:0
end_of_record
TN:
SF:src/api/v1/orders/order.service.ts
FN:30,(anonymous_8)
FN:43,(anonymous_9)
FN:66,(anonymous_11)
FN:82,(anonymous_13)
FN:95,(anonymous_15)
FN:100,(anonymous_17)
FN:106,(anonymous_18)
FN:108,(anonymous_19)
FN:138,(anonymous_20)
FN:146,(anonymous_21)
FN:155,(anonymous_22)
FN:184,(anonymous_23)
FN:223,(anonymous_25)
FN:245,(anonymous_27)
FNF:14
FNH:0
FNDA:0,(anonymous_8)
FNDA:0,(anonymous_9)
FNDA:0,(anonymous_11)
FNDA:0,(anonymous_13)
FNDA:0,(anonymous_15)
FNDA:0,(anonymous_17)
FNDA:0,(anonymous_18)
FNDA:0,(anonymous_19)
FNDA:0,(anonymous_20)
FNDA:0,(anonymous_21)
FNDA:0,(anonymous_22)
FNDA:0,(anonymous_23)
FNDA:0,(anonymous_25)
FNDA:0,(anonymous_27)
DA:6,0
DA:7,0
DA:13,0
DA:14,0
DA:22,0
DA:30,0
DA:44,0
DA:46,0
DA:47,0
DA:53,0
DA:69,0
DA:83,0
DA:100,0
DA:101,0
DA:104,0
DA:106,0
DA:107,0
DA:108,0
DA:109,0
DA:117,0
DA:118,0
DA:119,0
DA:122,0
DA:123,0
DA:125,0
DA:126,0
DA:136,0
DA:138,0
DA:145,0
DA:146,0
DA:151,0
DA:152,0
DA:155,0
DA:156,0
DA:157,0
DA:158,0
DA:164,0
DA:167,0
DA:170,0
DA:189,0
DA:192,0
DA:193,0
DA:200,0
DA:201,0
DA:209,0
DA:225,0
DA:228,0
DA:229,0
DA:236,0
DA:237,0
DA:245,0
DA:246,0
DA:250,0
DA:256,0
DA:258,0
DA:261,0
DA:265,0
LF:57
LH:0
BRDA:46,0,0,0
BRDA:46,0,1,0
BRDA:107,1,0,0
BRDA:107,1,1,0
BRDA:122,2,0,0
BRDA:122,2,1,0
BRDA:123,3,0,0
BRDA:123,3,1,0
BRDA:123,4,0,0
BRDA:123,4,1,0
BRDA:125,5,0,0
BRDA:125,5,1,0
BRDA:157,6,0,0
BRDA:157,6,1,0
BRDA:192,7,0,0
BRDA:192,7,1,0
BRDA:200,8,0,0
BRDA:200,8,1,0
BRDA:228,9,0,0
BRDA:228,9,1,0
BRDA:236,10,0,0
BRDA:236,10,1,0
BRDA:246,11,0,0
BRDA:246,11,1,0
BRDA:247,12,0,0
BRDA:247,12,1,0
BRF:26
BRH:0
end_of_record
TN:
SF:src/api/v1/orders/order.validator.ts
FNF:0
FNH:0
DA:1,1
DA:2,1
DA:3,1
DA:11,1
DA:20,1
DA:30,1
DA:40,1
DA:52,1
DA:74,1
DA:87,1
LF:10
LH:10
BRF:0
BRH:0
end_of_record
TN:
SF:src/api/v1/permissions/permission.controller.ts
FN:22,(anonymous_8)
FN:40,(anonymous_9)
FN:40,(anonymous_10)
FN:72,(anonymous_11)
FN:72,(anonymous_12)
FN:115,(anonymous_13)
FN:115,(anonymous_14)
FN:145,(anonymous_15)
FN:145,(anonymous_16)
FN:180,(anonymous_17)
FN:180,(anonymous_18)
FN:209,(anonymous_19)
FN:209,(anonymous_20)
FN:240,(anonymous_21)
FN:240,(anonymous_22)
FNF:15
FNH:0
FNDA:0,(anonymous_8)
FNDA:0,(anonymous_9)
FNDA:0,(anonymous_10)
FNDA:0,(anonymous_11)
FNDA:0,(anonymous_12)
FNDA:0,(anonymous_13)
FNDA:0,(anonymous_14)
FNDA:0,(anonymous_15)
FNDA:0,(anonymous_16)
FNDA:0,(anonymous_17)
FNDA:0,(anonymous_18)
FNDA:0,(anonymous_19)
FNDA:0,(anonymous_20)
FNDA:0,(anonymous_21)
FNDA:0,(anonymous_22)
DA:2,0
DA:3,0
DA:4,0
DA:12,0
DA:22,0
DA:40,0
DA:41,0
DA:42,0
DA:44,0
DA:46,0
DA:47,0
DA:72,0
DA:73,0
DA:74,0
DA:75,0
DA:78,0
DA:84,0
DA:85,0
DA:115,0
DA:116,0
DA:117,0
DA:118,0
DA:145,0
DA:146,0
DA:148,0
DA:149,0
DA:180,0
DA:181,0
DA:182,0
DA:184,0
DA:188,0
DA:209,0
DA:210,0
DA:212,0
DA:213,0
DA:240,0
DA:241,0
DA:244,0
DA:245,0
DA:256,0
LF:40
LH:0
BRDA:41,0,0,0
BRDA:41,0,1,0
BRDA:42,1,0,0
BRDA:42,1,1,0
BRDA:73,2,0,0
BRDA:73,2,1,0
BRDA:74,3,0,0
BRDA:74,3,1,0
BRF:8
BRH:0
end_of_record
TN:
SF:src/api/v1/permissions/permission.repository.ts
FN:24,(anonymous_8)
FN:49,(anonymous_10)
FN:59,(anonymous_12)
FN:71,(anonymous_14)
FN:80,(anonymous_16)
FN:91,(anonymous_18)
FN:102,(anonymous_20)
FN:118,(anonymous_22)
FNF:8
FNH:0
FNDA:0,(anonymous_8)
FNDA:0,(anonymous_10)
FNDA:0,(anonymous_12)
FNDA:0,(anonymous_14)
FNDA:0,(anonymous_16)
FNDA:0,(anonymous_18)
FNDA:0,(anonymous_20)
FNDA:0,(anonymous_22)
DA:12,0
DA:13,0
DA:27,0
DA:28,0
DA:30,0
DA:42,0
DA:50,0
DA:60,0
DA:72,0
DA:81,0
DA:92,0
DA:103,0
DA:111,0
DA:121,0
DA:122,0
DA:125,0
DA:128,0
DA:129,0
DA:135,0
DA:145,0
DA:149,0
LF:21
LH:0
BRDA:128,0,0,0
BRDA:128,0,1,0
BRF:2
BRH:0
end_of_record
TN:
SF:src/api/v1/permissions/permission.routes.ts
FNF:0
FNH:0
DA:1,0
DA:2,0
DA:3,0
DA:4,0
DA:11,0
DA:13,0
DA:19,0
DA:29,0
DA:40,0
DA:50,0
DA:59,0
DA:70,0
DA:80,0
DA:86,0
LF:14
LH:0
BRF:0
BRH:0
end_of_record
TN:
SF:src/api/v1/permissions/permission.service.ts
FN:22,(anonymous_8)
FN:29,(anonymous_9)
FN:39,(anonymous_11)
FN:55,(anonymous_13)
FN:66,(anonymous_15)
FN:85,(anonymous_17)
FN:96,(anonymous_19)
FN:110,(anonymous_21)
FN:120,(anonymous_23)
FNF:9
FNH:0
FNDA:0,(anonymous_8)
FNDA:0,(anonymous_9)
FNDA:0,(anonymous_11)
FNDA:0,(anonymous_13)
FNDA:0,(anonymous_15)
FNDA:0,(anonymous_17)
FNDA:0,(anonymous_19)
FNDA:0,(anonymous_21)
FNDA:0,(anonymous_23)
DA:14,0
DA:15,0
DA:23,0
DA:32,0
DA:40,0
DA:41,0
DA:42,0
DA:48,0
DA:57,0
DA:59,0
DA:71,0
DA:74,0
DA:75,0
DA:78,0
DA:87,0
DA:89,0
DA:97,0
DA:100,0
DA:101,0
DA:104,0
DA:113,0
DA:124,0
DA:126,0
DA:127,0
DA:136,0
LF:25
LH:0
BRDA:41,0,0,0
BRDA:41,0,1,0
BRDA:74,1,0,0
BRDA:74,1,1,0
BRDA:126,2,0,0
BRDA:126,2,1,0
BRDA:126,3,0,0
BRDA:126,3,1,0
BRF:8
BRH:0
end_of_record
TN:
SF:src/api/v1/permissions/permission.validator.ts
FN:23,(anonymous_0)
FN:30,(anonymous_1)
FN:58,(anonymous_2)
FNF:3
FNH:0
FNDA:0,(anonymous_0)
FNDA:0,(anonymous_1)
FNDA:0,(anonymous_2)
DA:1,0
DA:2,0
DA:8,0
DA:16,0
DA:23,0
DA:30,0
DA:40,0
DA:58,0
DA:67,0
DA:81,0
LF:10
LH:0
BRDA:23,0,0,0
BRDA:23,0,1,0
BRDA:30,1,0,0
BRDA:30,1,1,0
BRF:4
BRH:0
end_of_record
TN:
SF:src/api/v1/profiles/profile.controller.ts
FN:12,(anonymous_9)
FN:29,(anonymous_10)
FN:29,(anonymous_11)
FN:57,(anonymous_12)
FN:57,(anonymous_13)
FN:91,(anonymous_14)
FN:91,(anonymous_15)
FN:118,(anonymous_16)
FN:118,(anonymous_17)
FNF:9
FNH:0
FNDA:0,(anonymous_9)
FNDA:0,(anonymous_10)
FNDA:0,(anonymous_11)
FNDA:0,(anonymous_12)
FNDA:0,(anonymous_13)
FNDA:0,(anonymous_14)
FNDA:0,(anonymous_15)
FNDA:0,(anonymous_16)
FNDA:0,(anonymous_17)
DA:2,0
DA:3,0
DA:4,0
DA:7,0
DA:29,0
DA:30,0
DA:31,0
DA:33,0
DA:35,0
DA:36,0
DA:57,0
DA:58,0
DA:60,0
DA:61,0
DA:91,0
DA:92,0
DA:93,0
DA:95,0
DA:96,0
DA:98,0
DA:118,0
DA:120,0
DA:121,0
DA:123,0
DA:124,0
DA:132,0
LF:26
LH:0
BRF:0
BRH:0
end_of_record
TN:
SF:src/api/v1/profiles/profile.repository.ts
FN:20,(anonymous_9)
FN:54,(anonymous_11)
FN:71,(anonymous_13)
FNF:3
FNH:0
FNDA:0,(anonymous_9)
FNDA:0,(anonymous_11)
FNDA:0,(anonymous_13)
DA:6,0
DA:7,0
DA:23,0
DA:24,0
DA:26,0
DA:39,0
DA:55,0
DA:72,0
DA:73,0
DA:75,0
DA:76,0
DA:84,0
LF:12
LH:0
BRF:0
BRH:0
end_of_record
TN:
SF:src/api/v1/profiles/profile.route.ts
FNF:0
FNH:0
DA:1,0
DA:2,0
DA:3,0
DA:4,0
DA:5,0
DA:6,0
DA:8,0
DA:14,0
DA:21,0
DA:27,0
DA:33,0
DA:40,0
LF:12
LH:0
BRF:0
BRH:0
end_of_record
TN:
SF:src/api/v1/profiles/profile.service.ts
FN:20,(anonymous_8)
FN:27,(anonymous_9)
FN:44,(anonymous_11)
FN:52,(anonymous_13)
FN:61,(anonymous_15)
FN:77,(anonymous_17)
FNF:6
FNH:0
FNDA:0,(anonymous_8)
FNDA:0,(anonymous_9)
FNDA:0,(anonymous_11)
FNDA:0,(anonymous_13)
FNDA:0,(anonymous_15)
FNDA:0,(anonymous_17)
DA:2,0
DA:3,0
DA:4,0
DA:20,0
DA:28,0
DA:30,0
DA:31,0
DA:36,0
DA:45,0
DA:53,0
DA:65,0
DA:66,0
DA:78,0
DA:82,0
LF:14
LH:0
BRDA:30,0,0,0
BRDA:30,0,1,0
BRF:2
BRH:0
end_of_record
TN:
SF:src/api/v1/profiles/profile.validator.ts
FNF:0
FNH:0
DA:1,0
DA:8,0
DA:17,0
LF:3
LH:0
BRF:0
BRH:0
end_of_record
TN:
SF:src/api/v1/roles/role-permissions.controller.ts
FN:11,(anonymous_8)
FN:24,(anonymous_9)
FN:24,(anonymous_10)
FN:48,(anonymous_11)
FN:48,(anonymous_12)
FN:77,(anonymous_13)
FN:77,(anonymous_14)
FN:105,(anonymous_15)
FN:105,(anonymous_16)
FNF:9
FNH:0
FNDA:0,(anonymous_8)
FNDA:0,(anonymous_9)
FNDA:0,(anonymous_10)
FNDA:0,(anonymous_11)
FNDA:0,(anonymous_12)
FNDA:0,(anonymous_13)
FNDA:0,(anonymous_14)
FNDA:0,(anonymous_15)
FNDA:0,(anonymous_16)
DA:2,0
DA:3,0
DA:4,0
DA:6,0
DA:24,0
DA:25,0
DA:27,0
DA:28,0
DA:47,0
DA:48,0
DA:49,0
DA:50,0
DA:52,0
DA:53,0
DA:57,0
DA:76,0
DA:77,0
DA:78,0
DA:79,0
DA:81,0
DA:85,0
DA:104,0
DA:105,0
DA:106,0
DA:107,0
DA:109,0
DA:111,0
DA:112,0
DA:121,0
LF:29
LH:0
BRF:0
BRH:0
end_of_record
TN:
SF:src/api/v1/roles/role-permissions.route.ts
FNF:0
FNH:0
DA:1,0
DA:2,0
DA:3,0
DA:8,0
DA:9,0
DA:11,0
DA:19,0
DA:30,0
DA:41,0
DA:53,0
DA:60,0
LF:11
LH:0
BRF:0
BRH:0
end_of_record
TN:
SF:src/api/v1/roles/role-permissions.service.ts
FN:16,(anonymous_8)
FN:23,(anonymous_9)
FN:39,(anonymous_11)
FN:47,(anonymous_13)
FN:59,(anonymous_15)
FN:72,(anonymous_17)
FNF:6
FNH:0
FNDA:0,(anonymous_8)
FNDA:0,(anonymous_9)
FNDA:0,(anonymous_11)
FNDA:0,(anonymous_13)
FNDA:0,(anonymous_15)
FNDA:0,(anonymous_17)
DA:2,0
DA:3,0
DA:4,0
DA:16,0
DA:24,0
DA:26,0
DA:27,0
DA:32,0
DA:40,0
DA:51,0
DA:52,0
DA:63,0
DA:64,0
DA:75,0
DA:79,0
LF:15
LH:0
BRDA:26,0,0,0
BRDA:26,0,1,0
BRF:2
BRH:0
end_of_record
TN:
SF:src/api/v1/roles/role.controller.ts
FN:11,(anonymous_8)
FN:27,(anonymous_9)
FN:27,(anonymous_10)
FN:58,(anonymous_11)
FN:58,(anonymous_12)
FN:90,(anonymous_13)
FN:90,(anonymous_14)
FN:113,(anonymous_15)
FN:113,(anonymous_16)
FN:137,(anonymous_17)
FN:137,(anonymous_18)
FN:162,(anonymous_19)
FN:162,(anonymous_20)
FN:185,(anonymous_21)
FN:185,(anonymous_22)
FNF:15
FNH:0
FNDA:0,(anonymous_8)
FNDA:0,(anonymous_9)
FNDA:0,(anonymous_10)
FNDA:0,(anonymous_11)
FNDA:0,(anonymous_12)
FNDA:0,(anonymous_13)
FNDA:0,(anonymous_14)
FNDA:0,(anonymous_15)
FNDA:0,(anonymous_16)
FNDA:0,(anonymous_17)
FNDA:0,(anonymous_18)
FNDA:0,(anonymous_19)
FNDA:0,(anonymous_20)
FNDA:0,(anonymous_21)
FNDA:0,(anonymous_22)
DA:2,0
DA:3,0
DA:4,0
DA:27,0
DA:28,0
DA:29,0
DA:31,0
DA:33,0
DA:34,0
DA:58,0
DA:59,0
DA:60,0
DA:61,0
DA:63,0
DA:69,0
DA:71,0
DA:72,0
DA:90,0
DA:91,0
DA:93,0
DA:94,0
DA:113,0
DA:114,0
DA:116,0
DA:117,0
DA:137,0
DA:138,0
DA:139,0
DA:141,0
DA:142,0
DA:162,0
DA:163,0
DA:165,0
DA:166,0
DA:185,0
DA:186,0
DA:188,0
DA:189,0
DA:197,0
LF:39
LH:0
BRDA:63,0,0,0
BRDA:63,0,1,0
BRDA:65,1,0,0
BRDA:65,1,1,0
BRF:4
BRH:0
end_of_record
TN:
SF:src/api/v1/roles/role.repository.ts
FN:20,(anonymous_9)
FN:50,(anonymous_11)
FN:94,(anonymous_13)
FN:111,(anonymous_15)
FN:119,(anonymous_17)
FN:137,(anonymous_18)
FN:153,(anonymous_20)
FN:177,(anonymous_21)
FN:195,(anonymous_23)
FN:217,(anonymous_25)
FN:238,(anonymous_27)
FN:249,(anonymous_29)
FN:276,(anonymous_30)
FN:299,(anonymous_32)
FNF:14
FNH:0
FNDA:0,(anonymous_9)
FNDA:0,(anonymous_11)
FNDA:0,(anonymous_13)
FNDA:0,(anonymous_15)
FNDA:0,(anonymous_17)
FNDA:0,(anonymous_18)
FNDA:0,(anonymous_20)
FNDA:0,(anonymous_21)
FNDA:0,(anonymous_23)
FNDA:0,(anonymous_25)
FNDA:0,(anonymous_27)
FNDA:0,(anonymous_29)
FNDA:0,(anonymous_30)
FNDA:0,(anonymous_32)
DA:2,0
DA:9,0
DA:21,0
DA:22,0
DA:24,0
DA:36,0
DA:55,0
DA:56,0
DA:58,0
DA:66,0
DA:67,0
DA:70,0
DA:82,0
DA:95,0
DA:112,0
DA:114,0
DA:119,0
DA:138,0
DA:141,0
DA:142,0
DA:147,0
DA:153,0
DA:178,0
DA:196,0
DA:204,0
DA:218,0
DA:243,0
DA:248,0
DA:249,0
DA:256,0
DA:280,0
DA:287,0
DA:302,0
DA:303,0
DA:304,0
DA:323,0
DA:327,0
LF:37
LH:0
BRDA:66,0,0,0
BRDA:66,0,1,0
BRDA:119,1,0,0
BRDA:119,1,1,0
BRDA:119,2,0,0
BRDA:119,2,1,0
BRDA:119,3,0,0
BRDA:119,3,1,0
BRDA:141,4,0,0
BRDA:141,4,1,0
BRDA:151,5,0,0
BRDA:151,5,1,0
BRF:12
BRH:0
end_of_record
TN:
SF:src/api/v1/roles/role.route.ts
FNF:0
FNH:0
DA:1,0
DA:2,0
DA:3,0
DA:10,0
DA:11,0
DA:12,0
DA:14,0
DA:20,0
DA:26,0
DA:32,0
DA:43,0
DA:49,0
DA:55,0
DA:66,0
DA:72,0
DA:78,0
LF:16
LH:0
BRF:0
BRH:0
end_of_record
TN:
SF:src/api/v1/roles/role.service.ts
FN:17,(anonymous_8)
FN:27,(anonymous_9)
FN:44,(anonymous_11)
FN:59,(anonymous_13)
FN:73,(anonymous_15)
FN:88,(anonymous_17)
FN:97,(anonymous_19)
FN:107,(anonymous_21)
FN:117,(anonymous_23)
FNF:9
FNH:0
FNDA:0,(anonymous_8)
FNDA:0,(anonymous_9)
FNDA:0,(anonymous_11)
FNDA:0,(anonymous_13)
FNDA:0,(anonymous_15)
FNDA:0,(anonymous_17)
FNDA:0,(anonymous_19)
FNDA:0,(anonymous_21)
FNDA:0,(anonymous_23)
DA:2,0
DA:3,0
DA:4,0
DA:17,0
DA:28,0
DA:30,0
DA:31,0
DA:36,0
DA:45,0
DA:64,0
DA:74,0
DA:89,0
DA:98,0
DA:99,0
DA:108,0
DA:109,0
DA:118,0
DA:122,0
LF:18
LH:0
BRDA:30,0,0,0
BRDA:30,0,1,0
BRF:2
BRH:0
end_of_record
TN:
SF:src/api/v1/roles/role.validator.ts
FN:25,(anonymous_0)
FN:71,(anonymous_1)
FN:90,(anonymous_2)
FNF:3
FNH:0
FNDA:0,(anonymous_0)
FNDA:0,(anonymous_1)
FNDA:0,(anonymous_2)
DA:1,0
DA:2,0
DA:3,0
DA:8,0
DA:14,0
DA:22,0
DA:25,0
DA:50,0
DA:71,0
DA:80,0
DA:90,0
DA:99,0
DA:119,0
DA:138,0
LF:14
LH:0
BRDA:25,0,0,0
BRDA:25,0,1,0
BRF:2
BRH:0
end_of_record
TN:
SF:src/api/v1/tables/table.controller.ts
FN:16,(anonymous_8)
FN:30,(anonymous_9)
FN:30,(anonymous_10)
FN:59,(anonymous_11)
FN:59,(anonymous_12)
FN:82,(anonymous_13)
FN:82,(anonymous_14)
FN:106,(anonymous_15)
FN:106,(anonymous_16)
FN:132,(anonymous_17)
FN:132,(anonymous_18)
FN:154,(anonymous_19)
FN:154,(anonymous_20)
FNF:13
FNH:0
FNDA:0,(anonymous_8)
FNDA:0,(anonymous_9)
FNDA:0,(anonymous_10)
FNDA:0,(anonymous_11)
FNDA:0,(anonymous_12)
FNDA:0,(anonymous_13)
FNDA:0,(anonymous_14)
FNDA:0,(anonymous_15)
FNDA:0,(anonymous_16)
FNDA:0,(anonymous_17)
FNDA:0,(anonymous_18)
FNDA:0,(anonymous_19)
FNDA:0,(anonymous_20)
DA:2,0
DA:4,0
DA:5,0
DA:7,0
DA:16,0
DA:30,0
DA:31,0
DA:32,0
DA:34,0
DA:35,0
DA:37,0
DA:59,0
DA:60,0
DA:61,0
DA:62,0
DA:82,0
DA:83,0
DA:84,0
DA:85,0
DA:106,0
DA:107,0
DA:108,0
DA:109,0
DA:110,0
DA:132,0
DA:133,0
DA:134,0
DA:135,0
DA:154,0
DA:155,0
DA:156,0
DA:157,0
DA:158,0
DA:166,0
LF:34
LH:0
BRDA:31,0,0,0
BRDA:31,0,1,0
BRDA:32,1,0,0
BRDA:32,1,1,0
BRF:4
BRH:0
end_of_record
TN:
SF:src/api/v1/tables/table.repository.ts
FN:27,(anonymous_8)
FN:64,(anonymous_10)
FN:85,(anonymous_12)
FN:100,(anonymous_14)
FN:112,(anonymous_16)
FN:124,(anonymous_18)
FNF:6
FNH:0
FNDA:0,(anonymous_8)
FNDA:0,(anonymous_10)
FNDA:0,(anonymous_12)
FNDA:0,(anonymous_14)
FNDA:0,(anonymous_16)
FNDA:0,(anonymous_18)
DA:8,0
DA:9,0
DA:28,0
DA:29,0
DA:31,0
DA:43,0
DA:65,0
DA:68,0
DA:69,0
DA:71,0
DA:86,0
DA:101,0
DA:113,0
DA:125,0
DA:132,0
LF:15
LH:0
BRDA:68,0,0,0
BRDA:68,0,1,0
BRF:2
BRH:0
end_of_record
TN:
SF:src/api/v1/tables/table.route.ts
FNF:0
FNH:0
DA:1,0
DA:2,0
DA:3,0
DA:4,0
DA:10,0
DA:12,0
DA:20,0
DA:28,0
DA:36,0
DA:44,0
DA:52,0
DA:60,0
DA:66,0
LF:13
LH:0
BRF:0
BRH:0
end_of_record
TN:
SF:src/api/v1/tables/table.service.ts
FN:15,(anonymous_8)
FN:22,(anonymous_9)
FN:33,(anonymous_11)
FN:42,(anonymous_13)
FN:51,(anonymous_15)
FN:60,(anonymous_17)
FN:69,(anonymous_19)
FNF:7
FNH:0
FNDA:0,(anonymous_8)
FNDA:0,(anonymous_9)
FNDA:0,(anonymous_11)
FNDA:0,(anonymous_13)
FNDA:0,(anonymous_15)
FNDA:0,(anonymous_17)
FNDA:0,(anonymous_19)
DA:9,0
DA:15,0
DA:25,0
DA:34,0
DA:43,0
DA:52,0
DA:61,0
DA:70,0
DA:74,0
LF:9
LH:0
BRF:0
BRH:0
end_of_record
TN:
SF:src/api/v1/tables/table.validator.ts
FN:53,(anonymous_0)
FN:70,(anonymous_1)
FNF:2
FNH:0
FNDA:0,(anonymous_0)
FNDA:0,(anonymous_1)
DA:1,0
DA:2,0
DA:7,0
DA:18,0
DA:33,0
DA:51,0
DA:53,0
DA:68,0
DA:70,0
LF:9
LH:0
BRF:0
BRH:0
end_of_record
TN:
SF:src/api/v1/users/user.controller.ts
FN:20,(anonymous_8)
FN:37,(anonymous_9)
FN:37,(anonymous_10)
FN:67,(anonymous_11)
FN:67,(anonymous_12)
FN:95,(anonymous_13)
FN:95,(anonymous_14)
FN:131,(anonymous_15)
FN:131,(anonymous_16)
FN:169,(anonymous_17)
FN:169,(anonymous_18)
FN:206,(anonymous_19)
FN:206,(anonymous_20)
FNF:13
FNH:0
FNDA:0,(anonymous_8)
FNDA:0,(anonymous_9)
FNDA:0,(anonymous_10)
FNDA:0,(anonymous_11)
FNDA:0,(anonymous_12)
FNDA:0,(anonymous_13)
FNDA:0,(anonymous_14)
FNDA:0,(anonymous_15)
FNDA:0,(anonymous_16)
FNDA:0,(anonymous_17)
FNDA:0,(anonymous_18)
FNDA:0,(anonymous_19)
FNDA:0,(anonymous_20)
DA:2,0
DA:3,0
DA:4,0
DA:37,0
DA:38,0
DA:39,0
DA:41,0
DA:43,0
DA:44,0
DA:67,0
DA:68,0
DA:70,0
DA:71,0
DA:95,0
DA:96,0
DA:98,0
DA:99,0
DA:131,0
DA:132,0
DA:134,0
DA:135,0
DA:169,0
DA:170,0
DA:171,0
DA:173,0
DA:174,0
DA:205,0
DA:206,0
DA:207,0
DA:209,0
DA:210,0
DA:219,0
LF:32
LH:0
BRF:0
BRH:0
end_of_record
TN:
SF:src/api/v1/users/user.repository.ts
FN:31,(anonymous_9)
FN:62,(anonymous_11)
FN:78,(anonymous_13)
FN:98,(anonymous_15)
FN:106,(anonymous_17)
FN:136,(anonymous_18)
FN:156,(anonymous_20)
FNF:7
FNH:0
FNDA:0,(anonymous_9)
FNDA:0,(anonymous_11)
FNDA:0,(anonymous_13)
FNDA:0,(anonymous_15)
FNDA:0,(anonymous_17)
FNDA:0,(anonymous_18)
FNDA:0,(anonymous_20)
DA:2,0
DA:11,0
DA:32,0
DA:33,0
DA:35,0
DA:47,0
DA:63,0
DA:79,0
DA:99,0
DA:101,0
DA:106,0
DA:137,0
DA:157,0
DA:178,0
LF:14
LH:0
BRDA:106,0,0,0
BRDA:106,0,1,0
BRF:2
BRH:0
end_of_record
TN:
SF:src/api/v1/users/user.route.ts
FNF:0
FNH:0
DA:1,0
DA:2,0
DA:3,0
DA:4,0
DA:5,0
DA:7,0
DA:13,0
DA:19,0
DA:25,0
DA:31,0
DA:37,0
DA:44,0
DA:50,0
LF:13
LH:0
BRF:0
BRH:0
end_of_record
TN:
SF:src/api/v1/users/user.service.ts
FN:22,(anonymous_9)
FN:39,(anonymous_10)
FN:62,(anonymous_12)
FN:86,(anonymous_14)
FN:89,(anonymous_16)
FN:96,(anonymous_17)
FN:115,(anonymous_18)
FN:130,(anonymous_20)
FN:146,(anonymous_22)
FN:172,(anonymous_24)
FN:201,(anonymous_26)
FN:221,(anonymous_28)
FNF:12
FNH:0
FNDA:0,(anonymous_9)
FNDA:0,(anonymous_10)
FNDA:0,(anonymous_12)
FNDA:0,(anonymous_14)
FNDA:0,(anonymous_16)
FNDA:0,(anonymous_17)
FNDA:0,(anonymous_18)
FNDA:0,(anonymous_20)
FNDA:0,(anonymous_22)
FNDA:0,(anonymous_24)
FNDA:0,(anonymous_26)
FNDA:0,(anonymous_28)
DA:2,0
DA:3,0
DA:4,0
DA:10,0
DA:11,0
DA:23,0
DA:24,0
DA:40,0
DA:41,0
DA:42,0
DA:47,0
DA:63,0
DA:65,0
DA:66,0
DA:71,0
DA:87,0
DA:89,0
DA:90,0
DA:93,0
DA:95,0
DA:96,0
DA:99,0
DA:100,0
DA:116,0
DA:131,0
DA:147,0
DA:148,0
DA:149,0
DA:154,0
DA:173,0
DA:175,0
DA:177,0
DA:182,0
DA:184,0
DA:202,0
DA:204,0
DA:206,0
DA:224,0
DA:225,0
DA:226,0
DA:232,0
DA:236,0
LF:42
LH:0
BRDA:41,0,0,0
BRDA:41,0,1,0
BRDA:65,1,0,0
BRDA:65,1,1,0
BRDA:99,2,0,0
BRDA:99,2,1,0
BRDA:148,3,0,0
BRDA:148,3,1,0
BRDA:204,4,0,0
BRDA:204,4,1,0
BRDA:225,5,0,0
BRDA:225,5,1,0
BRF:12
BRH:0
end_of_record
TN:
SF:src/api/v1/users/user.validator.ts
FNF:0
FNH:0
DA:1,0
DA:2,0
DA:4,0
DA:8,0
LF:4
LH:0
BRF:0
BRH:0
end_of_record
TN:
SF:src/config/logger.ts
FN:42,(anonymous_1)
FNF:1
FNH:0
FNDA:0,(anonymous_1)
DA:1,0
DA:4,0
DA:15,0
DA:24,0
DA:27,0
DA:35,0
DA:42,0
DA:48,0
LF:8
LH:0
BRDA:37,0,0,0
BRDA:37,0,1,0
BRDA:49,1,0,0
BRDA:49,1,1,0
BRF:4
BRH:0
end_of_record
TN:
SF:src/config/swagger.ts
FN:39,swaggerDocs
FN:52,(anonymous_2)
FNF:2
FNH:0
FNDA:0,swaggerDocs
FNDA:0,(anonymous_2)
DA:1,0
DA:2,0
DA:3,0
DA:5,0
DA:6,0
DA:8,0
DA:9,0
DA:11,0
DA:37,0
DA:39,0
DA:41,0
DA:52,0
DA:53,0
DA:54,0
DA:57,0
LF:15
LH:0
BRF:0
BRH:0
end_of_record
TN:
SF:src/database/prisma.ts
FN:39,(anonymous_7)
FN:40,(anonymous_8)
FN:40,(anonymous_9)
FN:57,(anonymous_10)
FN:57,(anonymous_11)
FN:74,(anonymous_12)
FN:74,(anonymous_13)
FN:87,(anonymous_14)
FN:87,(anonymous_15)
FN:100,(anonymous_16)
FN:100,(anonymous_17)
FN:135,(anonymous_18)
FN:135,(anonymous_19)
FNF:13
FNH:0
FNDA:0,(anonymous_7)
FNDA:0,(anonymous_8)
FNDA:0,(anonymous_9)
FNDA:0,(anonymous_10)
FNDA:0,(anonymous_11)
FNDA:0,(anonymous_12)
FNDA:0,(anonymous_13)
FNDA:0,(anonymous_14)
FNDA:0,(anonymous_15)
FNDA:0,(anonymous_16)
FNDA:0,(anonymous_17)
FNDA:0,(anonymous_18)
FNDA:0,(anonymous_19)
DA:1,0
DA:2,0
DA:27,0
DA:39,0
DA:40,0
DA:46,0
DA:47,0
DA:57,0
DA:63,0
DA:64,0
DA:74,0
DA:80,0
DA:81,0
DA:87,0
DA:93,0
DA:94,0
DA:100,0
DA:106,0
DA:107,0
DA:115,0
DA:135,0
DA:136,0
DA:139,0
LF:23
LH:0
BRDA:46,0,0,0
BRDA:46,0,1,0
BRDA:46,1,0,0
BRDA:46,1,1,0
BRDA:80,2,0,0
BRDA:80,2,1,0
BRDA:93,3,0,0
BRDA:93,3,1,0
BRDA:106,4,0,0
BRDA:106,4,1,0
BRF:10
BRH:0
end_of_record
TN:
SF:src/interfaces/pagination.interfaces.ts
FNF:0
FNH:0
DA:18,0
DA:19,0
DA:20,0
LF:3
LH:0
BRF:0
BRH:0
end_of_record
TN:
SF:src/middlewares/auth.middleware.ts
FN:13,(anonymous_1)
FN:19,(anonymous_2)
FNF:2
FNH:0
FNDA:0,(anonymous_1)
FNDA:0,(anonymous_2)
DA:1,0
DA:2,0
DA:5,0
DA:13,0
DA:16,0
DA:24,0
DA:25,0
DA:27,0
DA:28,0
DA:37,0
DA:39,0
LF:11
LH:0
BRDA:24,0,0,0
BRDA:24,0,1,0
BRDA:27,1,0,0
BRDA:27,1,1,0
BRDA:30,2,0,0
BRDA:30,2,1,0
BRDA:30,3,0,0
BRDA:30,3,1,0
BRDA:30,4,0,0
BRDA:30,4,1,0
BRF:10
BRH:0
end_of_record
TN:
SF:src/middlewares/error.middleware.ts
FN:11,(anonymous_0)
FN:22,(anonymous_1)
FNF:2
FNH:0
FNDA:0,(anonymous_0)
FNDA:0,(anonymous_1)
DA:2,0
DA:3,0
DA:4,0
DA:5,0
DA:9,0
DA:11,0
DA:18,0
DA:19,0
DA:22,0
DA:29,0
DA:30,0
DA:32,0
DA:39,0
DA:45,0
DA:46,0
DA:54,0
DA:55,0
DA:56,0
DA:64,0
DA:65,0
DA:74,0
DA:76,0
LF:22
LH:0
BRDA:18,0,0,0
BRDA:18,0,1,0
BRDA:29,1,0,0
BRDA:29,1,1,0
BRDA:30,2,0,0
BRDA:30,2,1,0
BRDA:30,2,2,0
BRDA:54,3,0,0
BRDA:54,3,1,0
BRDA:64,4,0,0
BRDA:64,4,1,0
BRDA:79,5,0,0
BRDA:79,5,1,0
BRF:13
BRH:0
end_of_record
TN:
SF:src/middlewares/morgan.middleware.ts
FN:6,(anonymous_1)
FN:11,requestLogger
FNF:2
FNH:0
FNDA:0,(anonymous_1)
FNDA:0,requestLogger
DA:1,0
DA:3,0
DA:5,0
DA:7,0
DA:11,0
DA:12,0
DA:13,0
LF:7
LH:0
BRF:0
BRH:0
end_of_record
TN:
SF:src/middlewares/notFound.middleware.ts
FN:5,(anonymous_0)
FNF:1
FNH:0
FNDA:0,(anonymous_0)
DA:2,0
DA:5,0
DA:10,0
DA:15,0
LF:4
LH:0
BRF:0
BRH:0
end_of_record
TN:
SF:src/middlewares/role.middleware.ts
FN:5,(anonymous_8)
FN:6,(anonymous_9)
FN:6,(anonymous_10)
FN:16,(anonymous_11)
FNF:4
FNH:0
FNDA:0,(anonymous_8)
FNDA:0,(anonymous_9)
FNDA:0,(anonymous_10)
FNDA:0,(anonymous_11)
DA:3,0
DA:5,0
DA:6,0
DA:7,0
DA:8,0
DA:9,0
DA:10,0
DA:14,0
DA:16,0
DA:17,0
DA:20,0
DA:21,0
DA:22,0
DA:25,0
DA:27,0
LF:15
LH:0
BRDA:8,0,0,0
BRDA:8,0,1,0
BRDA:8,1,0,0
BRDA:8,1,1,0
BRDA:20,2,0,0
BRDA:20,2,1,0
BRF:6
BRH:0
end_of_record
TN:
SF:src/middlewares/validation.middleware.ts
FN:5,(anonymous_7)
FN:6,(anonymous_8)
FN:6,(anonymous_9)
FNF:3
FNH:0
FNDA:0,(anonymous_7)
FNDA:0,(anonymous_8)
FNDA:0,(anonymous_9)
DA:3,0
DA:5,0
DA:6,0
DA:7,0
LF:4
LH:0
BRF:0
BRH:0
end_of_record
TN:
SF:src/strategies/passport-jwt.strategy.ts
FN:23,(anonymous_8)
FN:23,(anonymous_9)
FN:24,(anonymous_10)
FNF:3
FNH:0
FNDA:0,(anonymous_8)
FNDA:0,(anonymous_9)
FNDA:0,(anonymous_10)
DA:1,0
DA:7,0
DA:9,0
DA:13,0
DA:23,0
DA:24,0
DA:25,0
DA:26,0
DA:28,0
DA:34,0
LF:10
LH:0
BRDA:25,0,0,0
BRDA:25,0,1,0
BRF:2
BRH:0
end_of_record
TN:
SF:src/tests/setup.ts
FN:17,(anonymous_7)
FN:17,(anonymous_8)
FN:35,(anonymous_9)
FN:35,(anonymous_10)
FN:45,(anonymous_11)
FN:45,(anonymous_12)
FNF:6
FNH:0
FNDA:0,(anonymous_7)
FNDA:0,(anonymous_8)
FNDA:0,(anonymous_9)
FNDA:0,(anonymous_10)
FNDA:0,(anonymous_11)
FNDA:0,(anonymous_12)
DA:1,0
DA:2,0
DA:3,0
DA:4,0
DA:7,0
DA:17,0
DA:18,0
DA:20,0
DA:21,0
DA:27,0
DA:28,0
DA:30,0
DA:31,0
DA:35,0
DA:36,0
DA:37,0
DA:38,0
DA:40,0
DA:45,0
DA:46,0
DA:48,0
DA:49,0
DA:50,0
DA:51,0
DA:52,0
DA:53,0
DA:54,0
DA:55,0
DA:56,0
DA:61,0
DA:63,0
LF:31
LH:0
BRDA:13,0,0,0
BRDA:13,0,1,0
BRDA:20,1,0,0
BRDA:20,1,1,0
BRDA:46,2,0,0
BRDA:46,2,1,0
BRF:6
BRH:0
end_of_record
TN:
SF:src/utils/asyncHandler.ts
FN:10,(anonymous_0)
FN:11,(anonymous_1)
FN:13,(anonymous_2)
FN:18,(anonymous_3)
FNF:4
FNH:0
FNDA:0,(anonymous_0)
FNDA:0,(anonymous_1)
FNDA:0,(anonymous_2)
FNDA:0,(anonymous_3)
DA:9,0
DA:10,0
DA:11,0
DA:12,0
DA:14,0
DA:15,0
DA:19,0
LF:7
LH:0
BRDA:14,0,0,0
BRDA:14,0,1,0
BRF:2
BRH:0
end_of_record
TN:
SF:src/utils/hasher.utils.ts
FN:10,(anonymous_8)
FN:14,(anonymous_9)
FNF:2
FNH:0
FNDA:0,(anonymous_8)
FNDA:0,(anonymous_9)
DA:1,0
DA:2,0
DA:11,0
DA:15,0
DA:18,0
LF:5
LH:0
BRF:0
BRH:0
end_of_record
TN:
SF:src/utils/httpStatus.enum.ts
FN:1,(anonymous_0)
FNF:1
FNH:0
FNDA:0,(anonymous_0)
DA:1,0
DA:2,0
DA:3,0
DA:4,0
DA:5,0
DA:6,0
DA:7,0
DA:8,0
DA:9,0
DA:10,0
DA:11,0
DA:12,0
LF:12
LH:0
BRDA:1,0,0,0
BRDA:1,0,1,0
BRF:2
BRH:0
end_of_record
TN:
SF:src/utils/pagination.helper.ts
FN:6,createPaginatedResponse
FNF:1
FNH:0
FNDA:0,createPaginatedResponse
DA:6,0
DA:11,0
DA:12,0
DA:13,0
DA:14,0
DA:16,0
LF:6
LH:0
BRF:0
BRH:0
end_of_record
TN:
SF:src/utils/pagination.schema.ts
FN:12,(anonymous_0)
FN:13,(anonymous_1)
FN:19,(anonymous_2)
FN:20,(anonymous_3)
FNF:4
FNH:0
FNDA:0,(anonymous_0)
FNDA:0,(anonymous_1)
FNDA:0,(anonymous_2)
FNDA:0,(anonymous_3)
DA:1,0
DA:2,0
DA:8,0
DA:12,0
DA:13,0
DA:19,0
DA:20,0
LF:7
LH:0
BRDA:12,0,0,0
BRDA:12,0,1,0
BRDA:19,1,0,0
BRDA:19,1,1,0
BRDA:20,2,0,0
BRDA:20,2,1,0
BRF:6
BRH:0
end_of_record
TN:
SF:src/utils/params.schema.ts
FNF:0
FNH:0
DA:1,1
DA:3,1
LF:2
LH:2
BRF:0
BRH:0
end_of_record
